03/Mar/2025:14:27:47 +0200 [0] -> GET / HTTP/1.1
03/Mar/2025:14:27:47 +0200 [0] <- 302 - 45ms
03/Mar/2025:14:27:47 +0200 [1] -> GET /adrcrud/home.html HTTP/1.1
03/Mar/2025:14:27:47 +0200 [1] <- 200 text/html 317ms
03/Mar/2025:14:27:47 +0200 [2] -> GET /content/adrcrud/static/styles.css HTTP/1.1
03/Mar/2025:14:27:47 +0200 [2] <- 200 text/css 3ms
03/Mar/2025:14:27:50 +0200 [3] -> GET /blog/asd.json?clock=1741004870573&maxlevels=1 HTTP/1.1
03/Mar/2025:14:27:50 +0200 [3] <- 404 text/html 27ms
03/Mar/2025:14:27:50 +0200 [4] -> GET /blog/asd.json?clock=1741004870602&maxlevels=1 HTTP/1.1
03/Mar/2025:14:27:50 +0200 [4] <- 404 text/html 5ms
03/Mar/2025:14:27:50 +0200 [5] -> GET /content/blog.2.json?clock=1741004870609&maxlevels=.2 HTTP/1.1
03/Mar/2025:14:27:50 +0200 [5] <- 404 text/html 3ms
03/Mar/2025:14:28:15 +0200 [6] -> GET /system/sling/form/login?resource=%2Fbin%2Fbrowser.html%2Fapps%2Fblog HTTP/1.1
03/Mar/2025:14:28:15 +0200 [6] <- 200 text/html 12ms
03/Mar/2025:14:28:15 +0200 [7] -> GET /content/starter/css/bundle.css HTTP/1.1
03/Mar/2025:14:28:15 +0200 [7] <- 404 text/html 6ms
03/Mar/2025:14:28:15 +0200 [9] -> GET /content/starter/img/sling-logo.svg HTTP/1.1
03/Mar/2025:14:28:15 +0200 [8] -> GET /content/starter/img/asf-logo.svg HTTP/1.1
03/Mar/2025:14:28:15 +0200 [8] <- 404 text/html 5ms
03/Mar/2025:14:28:15 +0200 [9] <- 404 text/html 6ms
03/Mar/2025:14:28:18 +0200 [10] -> GET /bin/browser.html/apps/blog HTTP/1.1
03/Mar/2025:14:28:19 +0200 [11] -> GET /bin/public/clientlibs.min.css/U8dFSptKGjY/composum.nodes.console.base.css HTTP/1.1
03/Mar/2025:14:28:19 +0200 [12] -> GET /bin/public/clientlibs.min.css/rYOmXdSreB0/composum.nodes.console.browser.css HTTP/1.1
03/Mar/2025:14:28:19 +0200 [12] <- 200 text/css; charset=UTF-8 150ms
03/Mar/2025:14:28:19 +0200 [11] <- 200 text/css; charset=UTF-8 212ms
03/Mar/2025:14:28:20 +0200 [10] <- 200 text/html;charset=utf-8 1381ms
03/Mar/2025:14:28:20 +0200 [13] -> GET /libs/composum/nodes/console/page/images/composum-nodes-logo-on-black.png HTTP/1.1
03/Mar/2025:14:28:20 +0200 [14] -> GET /bin/public/clientlibs.min.js/mqa6ROtEiRU/composum.nodes.console.base.js HTTP/1.1
03/Mar/2025:14:28:20 +0200 [15] -> GET /bin/public/clientlibs.min.js/3UIoKuycEH8/composum.nodes.console.browser.js HTTP/1.1
03/Mar/2025:14:28:20 +0200 [13] <- 200 image/png 2ms
03/Mar/2025:14:28:20 +0200 [16] -> GET /libs/fonts/awesome/4.7.0/fonts/fontawesome-webfont.woff2?v=4.7.0 HTTP/1.1
03/Mar/2025:14:28:20 +0200 [17] -> GET /libs/jslibs/bootstrap/3.4.1/fonts/glyphicons-halflings-regular.woff2 HTTP/1.1
03/Mar/2025:14:28:20 +0200 [17] <- 200 font/woff2 8ms
03/Mar/2025:14:28:20 +0200 [16] <- 200 font/woff2 10ms
03/Mar/2025:14:28:20 +0200 [15] <- 200 application/javascript; charset=UTF-8 37ms
03/Mar/2025:14:28:20 +0200 [14] <- 200 application/javascript; charset=UTF-8 51ms
03/Mar/2025:14:28:20 +0200 [18] -> GET /bin/cpm/proxy.fwd/system/health.json?httpStatus=CRITICAL:200,TEMPORARILY_UNAVAILABLE:200&_=1741004900126 HTTP/1.1
03/Mar/2025:14:28:20 +0200 [19] -> GET /bin/cpm/nodes/node.tree.json/?_=1741004900127 HTTP/1.1
03/Mar/2025:14:28:20 +0200 [20] -> GET /bin/cpm/nodes/node.filters.html?_=1741004900128 HTTP/1.1
03/Mar/2025:14:28:20 +0200 [21] -> GET /bin/cpm/nodes/node.tree.json/content/htlblog?_=1741004900131 HTTP/1.1
03/Mar/2025:14:28:20 +0200 [22] -> GET /bin/cpm/nodes/node.tree.json/content/htlblog/posts/1_1740748912036?_=1741004900129 HTTP/1.1
03/Mar/2025:14:28:20 +0200 [20] <- 200 text/html;charset=UTF-8 4ms
03/Mar/2025:14:28:20 +0200 [23] -> GET /bin/cpm/nodes/node.tree.json/content/htlblog/posts?_=1741004900130 HTTP/1.1
03/Mar/2025:14:28:20 +0200 [24] -> GET /bin/cpm/nodes/node.tree.json/content?_=1741004900132 HTTP/1.1
03/Mar/2025:14:28:20 +0200 [23] <- 404 - 5ms
03/Mar/2025:14:28:20 +0200 [21] <- 404 - 6ms
03/Mar/2025:14:28:20 +0200 [22] <- 404 - 8ms
03/Mar/2025:14:28:20 +0200 [19] <- 200 application/json;charset=UTF-8 12ms
03/Mar/2025:14:28:20 +0200 [25] -> GET /bin/cpm/nodes/node.tree.json/apps/htlblog/public/page/nav.html?_=1741004900135 HTTP/1.1
03/Mar/2025:14:28:20 +0200 [26] -> GET /bin/cpm/nodes/node.tree.json/apps/testcrud/page/head.html/_jcr_content?_=1741004900133 HTTP/1.1
03/Mar/2025:14:28:20 +0200 [26] <- 404 - 1ms
03/Mar/2025:14:28:20 +0200 [27] -> GET /bin/cpm/nodes/node.tree.json/apps/htlblog/public/page/head.html?_=1741004900134 HTTP/1.1
03/Mar/2025:14:28:20 +0200 [27] <- 404 - 1ms
03/Mar/2025:14:28:20 +0200 [25] <- 404 - 3ms
03/Mar/2025:14:28:20 +0200 [28] -> GET /bin/cpm/nodes/node.tree.json/apps/htlblog/public/post/body.html?_=1741004900137 HTTP/1.1
03/Mar/2025:14:28:20 +0200 [28] <- 404 - 1ms
03/Mar/2025:14:28:20 +0200 [29] -> GET /bin/cpm/nodes/node.tree.json/apps/htlblog/public/post/body.html/_jcr_content?_=1741004900136 HTTP/1.1
03/Mar/2025:14:28:20 +0200 [30] -> GET /bin/cpm/nodes/node.tree.json/apps/htlblog/public/post?_=1741004900140 HTTP/1.1
03/Mar/2025:14:28:20 +0200 [30] <- 404 - 1ms
03/Mar/2025:14:28:20 +0200 [31] -> GET /bin/cpm/nodes/node.tree.json/content/htlblog/posts/hello-world?_=1741004900138 HTTP/1.1
03/Mar/2025:14:28:20 +0200 [31] <- 404 - 1ms
03/Mar/2025:14:28:20 +0200 [32] -> GET /bin/cpm/nodes/node.tree.json/content/htlblog/admin?_=1741004900139 HTTP/1.1
03/Mar/2025:14:28:20 +0200 [32] <- 404 - 2ms
03/Mar/2025:14:28:20 +0200 [29] <- 404 - 6ms
03/Mar/2025:14:28:20 +0200 [33] -> GET /bin/cpm/nodes/node.tree.json/apps/htlblog/public/list?_=1741004900142 HTTP/1.1
03/Mar/2025:14:28:20 +0200 [34] -> GET /bin/cpm/nodes/node.tree.json/apps/htlblog/public/page?_=1741004900141 HTTP/1.1
03/Mar/2025:14:28:20 +0200 [33] <- 404 - 1ms
03/Mar/2025:14:28:20 +0200 [35] -> GET /bin/cpm/nodes/node.tree.json/apps/htlblog/public?_=1741004900143 HTTP/1.1
03/Mar/2025:14:28:20 +0200 [36] -> GET /bin/cpm/nodes/node.tree.json/apps/htlblog/clientlibs?_=1741004900144 HTTP/1.1
03/Mar/2025:14:28:20 +0200 [34] <- 404 - 2ms
03/Mar/2025:14:28:20 +0200 [35] <- 404 - 1ms
03/Mar/2025:14:28:20 +0200 [36] <- 404 - 1ms
03/Mar/2025:14:28:20 +0200 [37] -> GET /bin/cpm/nodes/node.tree.json/apps/htlblog?_=1741004900146 HTTP/1.1
03/Mar/2025:14:28:20 +0200 [37] <- 404 - 4ms
03/Mar/2025:14:28:20 +0200 [38] -> GET /bin/cpm/nodes/node.tree.json/apps/htlblog/admin?_=1741004900145 HTTP/1.1
03/Mar/2025:14:28:20 +0200 [24] <- 200 application/json;charset=UTF-8 24ms
03/Mar/2025:14:28:20 +0200 [39] -> GET /bin/cpm/nodes/node.tree.json/?_=1741004900148 HTTP/1.1
03/Mar/2025:14:28:20 +0200 [40] -> GET /bin/cpm/nodes/node.tree.json/apps?_=1741004900147 HTTP/1.1
03/Mar/2025:14:28:20 +0200 [38] <- 404 - 9ms
03/Mar/2025:14:28:20 +0200 [41] -> GET /bin/cpm/nodes/node.tree.json/apps/blog/blog.esp/_jcr_content?_=1741004900149 HTTP/1.1
03/Mar/2025:14:28:20 +0200 [39] <- 200 application/json;charset=UTF-8 5ms
03/Mar/2025:14:28:20 +0200 [42] -> GET /bin/cpm/nodes/node.tree.json/apps/blog?_=1741004900151 HTTP/1.1
03/Mar/2025:14:28:20 +0200 [41] <- 404 - 2ms
03/Mar/2025:14:28:20 +0200 [43] -> GET /bin/cpm/nodes/node.tree.json/apps/blog/blog.esp?_=1741004900150 HTTP/1.1
03/Mar/2025:14:28:20 +0200 [42] <- 404 - 2ms
03/Mar/2025:14:28:20 +0200 [43] <- 404 - 3ms
03/Mar/2025:14:28:20 +0200 [44] -> GET /bin/cpm/nodes/node.tree.json/content/blog/new?_=1741004900153 HTTP/1.1
03/Mar/2025:14:28:20 +0200 [45] -> GET /bin/cpm/nodes/node.tree.json/content/testcrud/home/contact?_=1741004900155 HTTP/1.1
03/Mar/2025:14:28:20 +0200 [44] <- 404 - 2ms
03/Mar/2025:14:28:20 +0200 [46] -> GET /bin/cpm/nodes/node.tree.json/content/blog/qwe?_=1741004900152 HTTP/1.1
03/Mar/2025:14:28:20 +0200 [47] -> GET /bin/cpm/nodes/node.tree.json/content/blog?_=1741004900154 HTTP/1.1
03/Mar/2025:14:28:20 +0200 [40] <- 200 application/json;charset=UTF-8 14ms
03/Mar/2025:14:28:20 +0200 [46] <- 404 - 3ms
03/Mar/2025:14:28:20 +0200 [45] <- 404 - 5ms
03/Mar/2025:14:28:20 +0200 [47] <- 404 - 6ms
03/Mar/2025:14:28:20 +0200 [48] -> GET /bin/cpm/nodes/node.tree.json/content/testcrud/home?_=1741004900156 HTTP/1.1
03/Mar/2025:14:28:20 +0200 [49] -> GET /bin/cpm/nodes/node.tree.json/content/testcrud?_=1741004900157 HTTP/1.1
03/Mar/2025:14:28:20 +0200 [50] -> GET /bin/cpm/nodes/node.tree.json/content/blog2?_=1741004900158 HTTP/1.1
03/Mar/2025:14:28:20 +0200 [51] -> GET /bin/cpm/nodes/node.tree.json/apps/testcrud/home/body.html?_=1741004900159 HTTP/1.1
03/Mar/2025:14:28:20 +0200 [52] -> GET /bin/cpm/nodes/node.tree.json/apps/testcrud?_=1741004900160 HTTP/1.1
03/Mar/2025:14:28:20 +0200 [49] <- 404 - 4ms
03/Mar/2025:14:28:20 +0200 [48] <- 404 - 7ms
03/Mar/2025:14:28:20 +0200 [50] <- 404 - 5ms
03/Mar/2025:14:28:20 +0200 [51] <- 404 - 5ms
03/Mar/2025:14:28:20 +0200 [52] <- 404 - 6ms
03/Mar/2025:14:28:20 +0200 [53] -> GET /bin/cpm/nodes/node.tree.json/apps/sling?_=1741004900161 HTTP/1.1
03/Mar/2025:14:28:20 +0200 [54] -> GET /bin/cpm/nodes/node.tree.json/apps/testcrud/home/head.html/_jcr_content?_=1741004900162 HTTP/1.1
03/Mar/2025:14:28:20 +0200 [55] -> GET /bin/cpm/nodes/node.tree.json/apps/testcrud/home/body.html/_jcr_content?_=1741004900163 HTTP/1.1
03/Mar/2025:14:28:20 +0200 [54] <- 404 - 4ms
03/Mar/2025:14:28:20 +0200 [56] -> GET /bin/cpm/nodes/node.tree.json/apps/testcrud/page/head.html?_=1741004900164 HTTP/1.1
03/Mar/2025:14:28:20 +0200 [53] <- 200 application/json;charset=UTF-8 5ms
03/Mar/2025:14:28:20 +0200 [55] <- 404 - 4ms
03/Mar/2025:14:28:20 +0200 [56] <- 404 - 4ms
03/Mar/2025:14:28:20 +0200 [57] -> GET /bin/cpm/nodes/node.tree.json/apps/testcrud/page/page.html/_jcr_content?_=1741004900165 HTTP/1.1
03/Mar/2025:14:28:20 +0200 [58] -> GET /bin/cpm/nodes/node.tree.json/apps/testcrud/page/page.html?_=1741004900166 HTTP/1.1
03/Mar/2025:14:28:20 +0200 [59] -> GET /bin/cpm/nodes/node.tree.json/apps/testcrud/page/body.html?_=1741004900167 HTTP/1.1
03/Mar/2025:14:28:20 +0200 [57] <- 404 - 6ms
03/Mar/2025:14:28:20 +0200 [60] -> GET /bin/cpm/nodes/node.tree.json/content/testcrud/home/welcome?_=1741004900168 HTTP/1.1
03/Mar/2025:14:28:20 +0200 [61] -> GET /bin/cpm/nodes/node.tree.json/apps/testcrud/home/head.html?_=1741004900169 HTTP/1.1
03/Mar/2025:14:28:20 +0200 [58] <- 404 - 3ms
03/Mar/2025:14:28:20 +0200 [61] <- 404 - 3ms
03/Mar/2025:14:28:20 +0200 [60] <- 404 - 3ms
03/Mar/2025:14:28:20 +0200 [62] -> GET /bin/cpm/nodes/node.tree.json/apps/testcrud/page/footer.html/_jcr_content?_=1741004900170 HTTP/1.1
03/Mar/2025:14:28:20 +0200 [59] <- 404 - 4ms
03/Mar/2025:14:28:20 +0200 [63] -> GET /bin/cpm/nodes/node.tree.json/apps/testcrud/page/body.html/_jcr_content?_=1741004900171 HTTP/1.1
03/Mar/2025:14:28:20 +0200 [62] <- 404 - 2ms
03/Mar/2025:14:28:20 +0200 [63] <- 404 - 4ms
03/Mar/2025:14:28:20 +0200 [66] -> GET /bin/cpm/nodes/node.tree.json/apps/testcrud/home?_=1741004900172 HTTP/1.1
03/Mar/2025:14:28:20 +0200 [65] -> GET /bin/cpm/nodes/node.tree.json/apps/testcrud/page/footer.html?_=1741004900173 HTTP/1.1
03/Mar/2025:14:28:20 +0200 [64] -> GET /bin/cpm/nodes/node.tree.json/apps/testcrud/page?_=1741004900174 HTTP/1.1
03/Mar/2025:14:28:20 +0200 [67] -> GET /bin/cpm/nodes/node.tree.json/apps/sling/install?_=1741004900175 HTTP/1.1
03/Mar/2025:14:28:20 +0200 [68] -> GET /bin/cpm/nodes/node.tree.json/apps/sling/xss?_=1741004900176 HTTP/1.1
03/Mar/2025:14:28:20 +0200 [66] <- 404 - 3ms
03/Mar/2025:14:28:20 +0200 [65] <- 404 - 3ms
03/Mar/2025:14:28:20 +0200 [64] <- 404 - 3ms
03/Mar/2025:14:28:20 +0200 [67] <- 200 application/json;charset=UTF-8 4ms
03/Mar/2025:14:28:20 +0200 [68] <- 200 application/json;charset=UTF-8 4ms
03/Mar/2025:14:28:20 +0200 [69] -> GET /bin/cpm/nodes/node.tree.json/apps/sling/servlet?_=1741004900179 HTTP/1.1
03/Mar/2025:14:28:20 +0200 [70] -> GET /bin/cpm/nodes/node.tree.json/apps/sling/servlet/default?_=1741004900178 HTTP/1.1
03/Mar/2025:14:28:20 +0200 [71] -> GET /bin/cpm/nodes/node.tree.json/content/testcrud/static/styles.css?_=1741004900180 HTTP/1.1
03/Mar/2025:14:28:20 +0200 [72] -> GET /bin/cpm/nodes/node.tree.json/apps/sling/servlet/default/cpm?_=1741004900177 HTTP/1.1
03/Mar/2025:14:28:20 +0200 [71] <- 404 - 2ms
03/Mar/2025:14:28:20 +0200 [73] -> GET /bin/cpm/nodes/node.tree.json/content/testcrud/static?_=1741004900181 HTTP/1.1
03/Mar/2025:14:28:20 +0200 [69] <- 200 application/json;charset=UTF-8 4ms
03/Mar/2025:14:28:20 +0200 [72] <- 200 application/json;charset=UTF-8 4ms
03/Mar/2025:14:28:20 +0200 [70] <- 200 application/json;charset=UTF-8 3ms
03/Mar/2025:14:28:20 +0200 [73] <- 404 - 2ms
03/Mar/2025:14:28:20 +0200 [74] -> GET /bin/cpm/nodes/node.tree.json/etc/map/http?_=1741004900185 HTTP/1.1
03/Mar/2025:14:28:20 +0200 [75] -> GET /bin/cpm/nodes/node.tree.json/home?_=1741004900183 HTTP/1.1
03/Mar/2025:14:28:20 +0200 [76] -> GET /bin/cpm/nodes/node.tree.json/apps/composum?_=1741004900184 HTTP/1.1
03/Mar/2025:14:28:20 +0200 [77] -> GET /bin/cpm/nodes/node.tree.json/etc/map?_=1741004900186 HTTP/1.1
03/Mar/2025:14:28:20 +0200 [74] <- 200 application/json;charset=UTF-8 1ms
03/Mar/2025:14:28:20 +0200 [78] -> GET /bin/cpm/nodes/node.tree.json/home/users?_=1741004900182 HTTP/1.1
03/Mar/2025:14:28:20 +0200 [77] <- 200 application/json;charset=UTF-8 2ms
03/Mar/2025:14:28:20 +0200 [75] <- 200 application/json;charset=UTF-8 2ms
03/Mar/2025:14:28:20 +0200 [76] <- 200 application/json;charset=UTF-8 2ms
03/Mar/2025:14:28:20 +0200 [79] -> GET /bin/cpm/nodes/node.tree.json/etc?_=1741004900187 HTTP/1.1
03/Mar/2025:14:28:20 +0200 [78] <- 200 application/json;charset=UTF-8 3ms
03/Mar/2025:14:28:20 +0200 [80] -> GET /bin/cpm/nodes/node.tree.json/var?_=1741004900188 HTTP/1.1
03/Mar/2025:14:28:20 +0200 [81] -> GET /bin/cpm/nodes/node.tree.json/content?_=1741004900190 HTTP/1.1
03/Mar/2025:14:28:20 +0200 [82] -> GET /bin/cpm/nodes/node.tree.json/libs?_=1741004900189 HTTP/1.1
03/Mar/2025:14:28:20 +0200 [79] <- 200 application/json;charset=UTF-8 2ms
03/Mar/2025:14:28:20 +0200 [81] <- 200 application/json;charset=UTF-8 1ms
03/Mar/2025:14:28:20 +0200 [80] <- 200 application/json;charset=UTF-8 2ms
03/Mar/2025:14:28:20 +0200 [82] <- 200 application/json;charset=UTF-8 2ms
03/Mar/2025:14:28:20 +0200 [18] <- 200 application/json;charset=utf-8 268ms
03/Mar/2025:14:28:20 +0200 [83] -> PUT /bin/cpm/core/translate.object.json HTTP/1.1
03/Mar/2025:14:28:20 +0200 [83] <- 200 application/json; charset=UTF-8 8ms
03/Mar/2025:14:28:20 +0200 [85] -> GET /bin/cpm/nodes/node.tree.json/content/adrcrud?_=1741004900192 HTTP/1.1
03/Mar/2025:14:28:22 +0200 [84] -> GET /bin/cpm/nodes/node.tree.json/content/adrcrud?_=1741004900191 HTTP/1.1
03/Mar/2025:14:28:22 +0200 [84] <- 200 application/json;charset=UTF-8 20ms
03/Mar/2025:14:28:22 +0200 [85] <- 200 application/json;charset=UTF-8 21ms
03/Mar/2025:14:28:22 +0200 [86] -> GET /bin/cpm/nodes/node.tree.json/content/adrcrud?_=1741004900193 HTTP/1.1
03/Mar/2025:14:28:22 +0200 [87] -> GET /bin/browser.view.html/content/adrcrud HTTP/1.1
03/Mar/2025:14:28:22 +0200 [88] -> GET /bin/browser.view.html/content/adrcrud HTTP/1.1
03/Mar/2025:14:28:22 +0200 [86] <- 200 application/json;charset=UTF-8 10ms
03/Mar/2025:14:28:22 +0200 [87] <- 200 text/html;charset=utf-8 20ms
03/Mar/2025:14:28:22 +0200 [88] <- 200 text/html;charset=utf-8 21ms
03/Mar/2025:14:28:22 +0200 [89] -> GET /bin/browser.tab.properties.html/content/adrcrud HTTP/1.1
03/Mar/2025:14:28:22 +0200 [90] -> GET /bin/browser.tab.properties.html/content/adrcrud HTTP/1.1
03/Mar/2025:14:28:22 +0200 [89] <- 200 text/html;charset=utf-8 55ms
03/Mar/2025:14:28:22 +0200 [90] <- 200 text/html;charset=utf-8 54ms
03/Mar/2025:14:28:22 +0200 [91] -> GET /bin/cpm/nodes/property.map.json/content/adrcrud?_=1741004900194 HTTP/1.1
03/Mar/2025:14:28:22 +0200 [92] -> GET /bin/cpm/nodes/property.map.json/content/adrcrud?_=1741004900195 HTTP/1.1
03/Mar/2025:14:28:22 +0200 [91] <- 200 application/json;charset=UTF-8 4ms
03/Mar/2025:14:28:22 +0200 [92] <- 200 application/json;charset=UTF-8 3ms
03/Mar/2025:14:28:25 +0200 [93] -> GET /bin/cpm/nodes/node.tree.json/content/adrcrud/home?_=1741004900197 HTTP/1.1
03/Mar/2025:14:28:25 +0200 [94] -> GET /bin/cpm/nodes/node.tree.json/content/adrcrud/home?_=1741004900196 HTTP/1.1
03/Mar/2025:14:28:25 +0200 [93] <- 200 application/json;charset=UTF-8 10ms
03/Mar/2025:14:28:25 +0200 [94] <- 200 application/json;charset=UTF-8 10ms
03/Mar/2025:14:28:25 +0200 [95] -> GET /bin/cpm/nodes/node.tree.json/content/adrcrud/home?_=1741004900198 HTTP/1.1
03/Mar/2025:14:28:25 +0200 [96] -> GET /bin/browser.view.html/content/adrcrud/home HTTP/1.1
03/Mar/2025:14:28:25 +0200 [97] -> GET /bin/browser.view.html/content/adrcrud/home HTTP/1.1
03/Mar/2025:14:28:25 +0200 [95] <- 200 application/json;charset=UTF-8 5ms
03/Mar/2025:14:28:25 +0200 [96] <- 200 text/html;charset=utf-8 73ms
03/Mar/2025:14:28:25 +0200 [97] <- 200 text/html;charset=utf-8 73ms
03/Mar/2025:14:28:25 +0200 [98] -> GET /bin/browser.tab.properties.html/content/adrcrud/home HTTP/1.1
03/Mar/2025:14:28:25 +0200 [99] -> GET /bin/browser.tab.properties.html/content/adrcrud/home HTTP/1.1
03/Mar/2025:14:28:25 +0200 [98] <- 200 text/html;charset=utf-8 3ms
03/Mar/2025:14:28:25 +0200 [99] <- 200 text/html;charset=utf-8 3ms
03/Mar/2025:14:28:25 +0200 [100] -> GET /bin/cpm/nodes/property.map.json/content/adrcrud/home?_=1741004900199 HTTP/1.1
03/Mar/2025:14:28:25 +0200 [100] <- 200 application/json;charset=UTF-8 4ms
03/Mar/2025:14:28:26 +0200 [101] -> GET /bin/cpm/nodes/node.tree.json/content/adrcrud/static?_=1741004900201 HTTP/1.1
03/Mar/2025:14:28:26 +0200 [102] -> GET /bin/cpm/nodes/node.tree.json/content/adrcrud/static?_=1741004900200 HTTP/1.1
03/Mar/2025:14:28:26 +0200 [102] <- 200 application/json;charset=UTF-8 17ms
03/Mar/2025:14:28:26 +0200 [101] <- 200 application/json;charset=UTF-8 17ms
03/Mar/2025:14:28:26 +0200 [103] -> GET /bin/cpm/nodes/node.tree.json/content/adrcrud/static?_=1741004900202 HTTP/1.1
03/Mar/2025:14:28:26 +0200 [104] -> GET /bin/browser.view.html/content/adrcrud/static HTTP/1.1
03/Mar/2025:14:28:26 +0200 [105] -> GET /bin/browser.view.html/content/adrcrud/static HTTP/1.1
03/Mar/2025:14:28:26 +0200 [103] <- 200 application/json;charset=UTF-8 5ms
03/Mar/2025:14:28:26 +0200 [105] <- 200 text/html;charset=utf-8 10ms
03/Mar/2025:14:28:26 +0200 [104] <- 200 text/html;charset=utf-8 10ms
03/Mar/2025:14:28:26 +0200 [106] -> GET /bin/browser.tab.properties.html/content/adrcrud/static HTTP/1.1
03/Mar/2025:14:28:26 +0200 [107] -> GET /bin/browser.tab.properties.html/content/adrcrud/static HTTP/1.1
03/Mar/2025:14:28:26 +0200 [106] <- 200 text/html;charset=utf-8 3ms
03/Mar/2025:14:28:26 +0200 [107] <- 200 text/html;charset=utf-8 3ms
03/Mar/2025:14:28:26 +0200 [108] -> GET /bin/cpm/nodes/property.map.json/content/adrcrud/static?_=1741004900203 HTTP/1.1
03/Mar/2025:14:28:26 +0200 [108] <- 200 application/json;charset=UTF-8 3ms
03/Mar/2025:14:28:28 +0200 [109] -> GET /bin/cpm/nodes/node.tree.json/apps?_=1741004900204 HTTP/1.1
03/Mar/2025:14:28:28 +0200 [110] -> GET /bin/cpm/nodes/node.tree.json/apps?_=1741004900205 HTTP/1.1
03/Mar/2025:14:28:28 +0200 [109] <- 200 application/json;charset=UTF-8 11ms
03/Mar/2025:14:28:28 +0200 [110] <- 200 application/json;charset=UTF-8 15ms
03/Mar/2025:14:28:28 +0200 [111] -> GET /bin/cpm/nodes/node.tree.json/apps?_=1741004900206 HTTP/1.1
03/Mar/2025:14:28:28 +0200 [112] -> GET /bin/browser.view.html/apps HTTP/1.1
03/Mar/2025:14:28:28 +0200 [113] -> GET /bin/browser.view.html/apps HTTP/1.1
03/Mar/2025:14:28:28 +0200 [111] <- 200 application/json;charset=UTF-8 4ms
03/Mar/2025:14:28:28 +0200 [113] <- 200 text/html;charset=utf-8 8ms
03/Mar/2025:14:28:28 +0200 [112] <- 200 text/html;charset=utf-8 9ms
03/Mar/2025:14:28:28 +0200 [114] -> GET /bin/browser.tab.properties.html/apps HTTP/1.1
03/Mar/2025:14:28:28 +0200 [115] -> GET /bin/browser.tab.properties.html/apps HTTP/1.1
03/Mar/2025:14:28:28 +0200 [114] <- 200 text/html;charset=utf-8 4ms
03/Mar/2025:14:28:28 +0200 [115] <- 200 text/html;charset=utf-8 3ms
03/Mar/2025:14:28:28 +0200 [116] -> GET /bin/cpm/nodes/property.map.json/apps?_=1741004900207 HTTP/1.1
03/Mar/2025:14:28:28 +0200 [116] <- 200 application/json;charset=UTF-8 2ms
03/Mar/2025:14:28:29 +0200 [117] -> GET /bin/cpm/nodes/node.tree.json/apps/adrcrud?_=1741004900209 HTTP/1.1
03/Mar/2025:14:28:29 +0200 [118] -> GET /bin/cpm/nodes/node.tree.json/apps/adrcrud?_=1741004900208 HTTP/1.1
03/Mar/2025:14:28:29 +0200 [117] <- 200 application/json;charset=UTF-8 5ms
03/Mar/2025:14:28:29 +0200 [118] <- 200 application/json;charset=UTF-8 5ms
03/Mar/2025:14:28:29 +0200 [119] -> GET /bin/browser.view.html/apps/adrcrud HTTP/1.1
03/Mar/2025:14:28:29 +0200 [120] -> GET /bin/browser.view.html/apps/adrcrud HTTP/1.1
03/Mar/2025:14:28:29 +0200 [121] -> GET /bin/cpm/nodes/node.tree.json/apps/adrcrud?_=1741004900210 HTTP/1.1
03/Mar/2025:14:28:29 +0200 [121] <- 200 application/json;charset=UTF-8 7ms
03/Mar/2025:14:28:29 +0200 [119] <- 200 text/html;charset=utf-8 42ms
03/Mar/2025:14:28:29 +0200 [120] <- 200 text/html;charset=utf-8 41ms
03/Mar/2025:14:28:29 +0200 [122] -> GET /bin/browser.tab.properties.html/apps/adrcrud HTTP/1.1
03/Mar/2025:14:28:29 +0200 [122] <- 200 text/html;charset=utf-8 3ms
03/Mar/2025:14:28:29 +0200 [123] -> GET /bin/browser.tab.properties.html/apps/adrcrud HTTP/1.1
03/Mar/2025:14:28:29 +0200 [123] <- 200 text/html;charset=utf-8 2ms
03/Mar/2025:14:28:29 +0200 [124] -> GET /bin/cpm/nodes/property.map.json/apps/adrcrud?_=1741004900211 HTTP/1.1
03/Mar/2025:14:28:29 +0200 [124] <- 200 application/json;charset=UTF-8 2ms
03/Mar/2025:14:28:32 +0200 [125] -> GET /bin/cpm/nodes/node.tree.json/apps/sling?_=1741004900212 HTTP/1.1
03/Mar/2025:14:28:32 +0200 [126] -> GET /bin/cpm/nodes/node.tree.json/apps/sling?_=1741004900213 HTTP/1.1
03/Mar/2025:14:28:32 +0200 [125] <- 200 application/json;charset=UTF-8 10ms
03/Mar/2025:14:28:32 +0200 [126] <- 200 application/json;charset=UTF-8 10ms
03/Mar/2025:14:28:32 +0200 [127] -> GET /bin/browser.view.html/apps/sling HTTP/1.1
03/Mar/2025:14:28:32 +0200 [128] -> GET /bin/browser.view.html/apps/sling HTTP/1.1
03/Mar/2025:14:28:32 +0200 [129] -> GET /bin/cpm/nodes/node.tree.json/apps/sling?_=1741004900214 HTTP/1.1
03/Mar/2025:14:28:32 +0200 [129] <- 200 application/json;charset=UTF-8 8ms
03/Mar/2025:14:28:32 +0200 [127] <- 200 text/html;charset=utf-8 14ms
03/Mar/2025:14:28:32 +0200 [128] <- 200 text/html;charset=utf-8 14ms
03/Mar/2025:14:28:32 +0200 [130] -> GET /bin/browser.tab.properties.html/apps/sling HTTP/1.1
03/Mar/2025:14:28:32 +0200 [130] <- 200 text/html;charset=utf-8 3ms
03/Mar/2025:14:28:32 +0200 [131] -> GET /bin/browser.tab.properties.html/apps/sling HTTP/1.1
03/Mar/2025:14:28:32 +0200 [131] <- 200 text/html;charset=utf-8 2ms
03/Mar/2025:14:28:32 +0200 [132] -> GET /bin/cpm/nodes/property.map.json/apps/sling?_=1741004900215 HTTP/1.1
03/Mar/2025:14:28:32 +0200 [132] <- 200 application/json;charset=UTF-8 3ms
03/Mar/2025:14:28:33 +0200 [133] -> GET /bin/cpm/nodes/node.tree.json/apps/composum?_=1741004900216 HTTP/1.1
03/Mar/2025:14:28:33 +0200 [134] -> GET /bin/cpm/nodes/node.tree.json/apps/composum?_=1741004900217 HTTP/1.1
03/Mar/2025:14:28:33 +0200 [133] <- 200 application/json;charset=UTF-8 10ms
03/Mar/2025:14:28:33 +0200 [134] <- 200 application/json;charset=UTF-8 10ms
03/Mar/2025:14:28:33 +0200 [135] -> GET /bin/browser.view.html/apps/composum HTTP/1.1
03/Mar/2025:14:28:33 +0200 [136] -> GET /bin/browser.view.html/apps/composum HTTP/1.1
03/Mar/2025:14:28:33 +0200 [137] -> GET /bin/cpm/nodes/node.tree.json/apps/composum?_=1741004900218 HTTP/1.1
03/Mar/2025:14:28:33 +0200 [137] <- 200 application/json;charset=UTF-8 6ms
03/Mar/2025:14:28:33 +0200 [136] <- 200 text/html;charset=utf-8 12ms
03/Mar/2025:14:28:33 +0200 [135] <- 200 text/html;charset=utf-8 12ms
03/Mar/2025:14:28:33 +0200 [138] -> GET /bin/browser.tab.properties.html/apps/composum HTTP/1.1
03/Mar/2025:14:28:33 +0200 [139] -> GET /bin/browser.tab.properties.html/apps/composum HTTP/1.1
03/Mar/2025:14:28:33 +0200 [139] <- 200 text/html;charset=utf-8 3ms
03/Mar/2025:14:28:33 +0200 [138] <- 200 text/html;charset=utf-8 3ms
03/Mar/2025:14:28:33 +0200 [140] -> GET /bin/cpm/nodes/property.map.json/apps/composum?_=1741004900219 HTTP/1.1
03/Mar/2025:14:28:33 +0200 [141] -> GET /bin/cpm/nodes/property.map.json/apps/composum?_=1741004900220 HTTP/1.1
03/Mar/2025:14:28:33 +0200 [140] <- 200 application/json;charset=UTF-8 3ms
03/Mar/2025:14:28:33 +0200 [141] <- 200 application/json;charset=UTF-8 2ms
03/Mar/2025:14:28:33 +0200 [143] -> GET /bin/cpm/nodes/node.tree.json/apps/composum/nodes?_=1741004900222 HTTP/1.1
03/Mar/2025:14:28:34 +0200 [142] -> GET /bin/cpm/nodes/node.tree.json/apps/composum/nodes?_=1741004900221 HTTP/1.1
03/Mar/2025:14:28:34 +0200 [142] <- 200 application/json;charset=UTF-8 10ms
03/Mar/2025:14:28:34 +0200 [143] <- 200 application/json;charset=UTF-8 10ms
03/Mar/2025:14:28:35 +0200 [144] -> GET /bin/browser.view.html/apps/composum/nodes HTTP/1.1
03/Mar/2025:14:28:35 +0200 [145] -> GET /bin/browser.view.html/apps/composum/nodes HTTP/1.1
03/Mar/2025:14:28:35 +0200 [146] -> GET /bin/cpm/nodes/node.tree.json/apps/composum/nodes?_=1741004900223 HTTP/1.1
03/Mar/2025:14:28:35 +0200 [146] <- 200 application/json;charset=UTF-8 4ms
03/Mar/2025:14:28:35 +0200 [144] <- 200 text/html;charset=utf-8 10ms
03/Mar/2025:14:28:35 +0200 [145] <- 200 text/html;charset=utf-8 11ms
03/Mar/2025:14:28:35 +0200 [147] -> GET /bin/browser.tab.properties.html/apps/composum/nodes HTTP/1.1
03/Mar/2025:14:28:35 +0200 [148] -> GET /bin/browser.tab.properties.html/apps/composum/nodes HTTP/1.1
03/Mar/2025:14:28:35 +0200 [148] <- 200 text/html;charset=utf-8 3ms
03/Mar/2025:14:28:35 +0200 [147] <- 200 text/html;charset=utf-8 3ms
03/Mar/2025:14:28:35 +0200 [149] -> GET /bin/cpm/nodes/property.map.json/apps/composum/nodes?_=1741004900224 HTTP/1.1
03/Mar/2025:14:28:35 +0200 [149] <- 200 application/json;charset=UTF-8 3ms
03/Mar/2025:14:28:35 +0200 [150] -> GET /bin/cpm/nodes/property.map.json/apps/composum/nodes?_=1741004900225 HTTP/1.1
03/Mar/2025:14:28:35 +0200 [150] <- 200 application/json;charset=UTF-8 2ms
03/Mar/2025:14:28:41 +0200 [151] -> GET /bin/cpm/nodes/node.tree.json/etc?_=1741004900227 HTTP/1.1
03/Mar/2025:14:28:35 +0200 [152] -> GET /bin/cpm/nodes/node.tree.json/etc?_=1741004900226 HTTP/1.1
03/Mar/2025:14:28:41 +0200 [151] <- 200 application/json;charset=UTF-8 7ms
03/Mar/2025:14:28:41 +0200 [152] <- 200 application/json;charset=UTF-8 7ms
03/Mar/2025:14:28:41 +0200 [153] -> GET /bin/browser.view.html/etc HTTP/1.1
03/Mar/2025:14:28:41 +0200 [154] -> GET /bin/browser.view.html/etc HTTP/1.1
03/Mar/2025:14:28:41 +0200 [155] -> GET /bin/cpm/nodes/node.tree.json/etc?_=1741004900228 HTTP/1.1
03/Mar/2025:14:28:41 +0200 [155] <- 200 application/json;charset=UTF-8 8ms
03/Mar/2025:14:28:41 +0200 [153] <- 200 text/html;charset=utf-8 12ms
03/Mar/2025:14:28:41 +0200 [154] <- 200 text/html;charset=utf-8 13ms
03/Mar/2025:14:28:41 +0200 [156] -> GET /bin/browser.tab.properties.html/etc HTTP/1.1
03/Mar/2025:14:28:41 +0200 [157] -> GET /bin/browser.tab.properties.html/etc HTTP/1.1
03/Mar/2025:14:28:41 +0200 [156] <- 200 text/html;charset=utf-8 4ms
03/Mar/2025:14:28:41 +0200 [157] <- 200 text/html;charset=utf-8 3ms
03/Mar/2025:14:28:41 +0200 [158] -> GET /bin/cpm/nodes/property.map.json/etc?_=1741004900229 HTTP/1.1
03/Mar/2025:14:28:41 +0200 [158] <- 200 application/json;charset=UTF-8 2ms
03/Mar/2025:14:28:42 +0200 [159] -> GET /bin/cpm/nodes/node.tree.json/etc/map?_=1741004900231 HTTP/1.1
03/Mar/2025:14:28:42 +0200 [160] -> GET /bin/cpm/nodes/node.tree.json/etc/map?_=1741004900230 HTTP/1.1
03/Mar/2025:14:28:42 +0200 [159] <- 200 application/json;charset=UTF-8 8ms
03/Mar/2025:14:28:42 +0200 [160] <- 200 application/json;charset=UTF-8 8ms
03/Mar/2025:14:28:42 +0200 [161] -> GET /bin/browser.view.html/etc/map HTTP/1.1
03/Mar/2025:14:28:42 +0200 [162] -> GET /bin/cpm/nodes/node.tree.json/etc/map?_=1741004900232 HTTP/1.1
03/Mar/2025:14:28:42 +0200 [163] -> GET /bin/browser.view.html/etc/map HTTP/1.1
03/Mar/2025:14:28:42 +0200 [162] <- 200 application/json;charset=UTF-8 7ms
03/Mar/2025:14:28:42 +0200 [163] <- 200 text/html;charset=utf-8 18ms
03/Mar/2025:14:28:42 +0200 [161] <- 200 text/html;charset=utf-8 18ms
03/Mar/2025:14:28:42 +0200 [164] -> GET /bin/browser.tab.properties.html/etc/map HTTP/1.1
03/Mar/2025:14:28:42 +0200 [165] -> GET /bin/browser.tab.properties.html/etc/map HTTP/1.1
03/Mar/2025:14:28:42 +0200 [165] <- 200 text/html;charset=utf-8 6ms
03/Mar/2025:14:28:42 +0200 [164] <- 200 text/html;charset=utf-8 5ms
03/Mar/2025:14:28:42 +0200 [166] -> GET /bin/cpm/nodes/property.map.json/etc/map?_=1741004900233 HTTP/1.1
03/Mar/2025:14:28:42 +0200 [166] <- 200 application/json;charset=UTF-8 3ms
03/Mar/2025:14:28:43 +0200 [168] -> GET /bin/cpm/nodes/node.tree.json/etc/map/http?_=1741004900234 HTTP/1.1
03/Mar/2025:14:28:43 +0200 [167] -> GET /bin/cpm/nodes/node.tree.json/etc/map/http?_=1741004900235 HTTP/1.1
03/Mar/2025:14:28:43 +0200 [167] <- 200 application/json;charset=UTF-8 9ms
03/Mar/2025:14:28:43 +0200 [168] <- 200 application/json;charset=UTF-8 9ms
03/Mar/2025:14:28:43 +0200 [169] -> GET /bin/browser.view.html/etc/map/http HTTP/1.1
03/Mar/2025:14:28:43 +0200 [170] -> GET /bin/browser.view.html/etc/map/http HTTP/1.1
03/Mar/2025:14:28:43 +0200 [171] -> GET /bin/cpm/nodes/node.tree.json/etc/map/http?_=1741004900236 HTTP/1.1
03/Mar/2025:14:28:43 +0200 [171] <- 200 application/json;charset=UTF-8 3ms
03/Mar/2025:14:28:43 +0200 [169] <- 200 text/html;charset=utf-8 9ms
03/Mar/2025:14:28:43 +0200 [170] <- 200 text/html;charset=utf-8 10ms
03/Mar/2025:14:28:43 +0200 [172] -> GET /bin/browser.tab.properties.html/etc/map/http HTTP/1.1
03/Mar/2025:14:28:43 +0200 [173] -> GET /bin/browser.tab.properties.html/etc/map/http HTTP/1.1
03/Mar/2025:14:28:43 +0200 [172] <- 200 text/html;charset=utf-8 4ms
03/Mar/2025:14:28:43 +0200 [173] <- 200 text/html;charset=utf-8 6ms
03/Mar/2025:14:28:43 +0200 [174] -> GET /bin/cpm/nodes/property.map.json/etc/map/http?_=1741004900237 HTTP/1.1
03/Mar/2025:14:28:43 +0200 [175] -> GET /bin/cpm/nodes/property.map.json/etc/map/http?_=1741004900238 HTTP/1.1
03/Mar/2025:14:28:43 +0200 [174] <- 200 application/json;charset=UTF-8 3ms
03/Mar/2025:14:28:43 +0200 [175] <- 200 application/json;charset=UTF-8 1ms
03/Mar/2025:14:28:44 +0200 [177] -> GET /bin/cpm/nodes/node.tree.json/etc/packages?_=1741004900239 HTTP/1.1
03/Mar/2025:14:28:43 +0200 [176] -> GET /bin/cpm/nodes/node.tree.json/etc/packages?_=1741004900240 HTTP/1.1
03/Mar/2025:14:28:44 +0200 [176] <- 200 application/json;charset=UTF-8 8ms
03/Mar/2025:14:28:44 +0200 [177] <- 200 application/json;charset=UTF-8 8ms
03/Mar/2025:14:28:44 +0200 [178] -> GET /bin/browser.view.html/etc/packages HTTP/1.1
03/Mar/2025:14:28:44 +0200 [179] -> GET /bin/cpm/nodes/node.tree.json/etc/packages?_=1741004900241 HTTP/1.1
03/Mar/2025:14:28:44 +0200 [180] -> GET /bin/browser.view.html/etc/packages HTTP/1.1
03/Mar/2025:14:28:44 +0200 [179] <- 200 application/json;charset=UTF-8 6ms
03/Mar/2025:14:28:44 +0200 [180] <- 200 text/html;charset=utf-8 12ms
03/Mar/2025:14:28:44 +0200 [178] <- 200 text/html;charset=utf-8 12ms
03/Mar/2025:14:28:44 +0200 [181] -> GET /bin/browser.tab.properties.html/etc/packages HTTP/1.1
03/Mar/2025:14:28:44 +0200 [182] -> GET /bin/browser.tab.properties.html/etc/packages HTTP/1.1
03/Mar/2025:14:28:44 +0200 [181] <- 200 text/html;charset=utf-8 3ms
03/Mar/2025:14:28:44 +0200 [182] <- 200 text/html;charset=utf-8 3ms
03/Mar/2025:14:28:44 +0200 [183] -> GET /bin/cpm/nodes/property.map.json/etc/packages?_=1741004900242 HTTP/1.1
03/Mar/2025:14:28:44 +0200 [183] <- 200 application/json;charset=UTF-8 3ms
03/Mar/2025:14:28:46 +0200 [184] -> GET /bin/cpm/nodes/node.tree.json/etc/packages/org.tr.sling.demo?_=1741004900244 HTTP/1.1
03/Mar/2025:14:28:46 +0200 [185] -> GET /bin/cpm/nodes/node.tree.json/etc/packages/org.tr.sling.demo?_=1741004900243 HTTP/1.1
03/Mar/2025:14:28:46 +0200 [185] <- 200 application/json;charset=UTF-8 7ms
03/Mar/2025:14:28:46 +0200 [184] <- 200 application/json;charset=UTF-8 7ms
03/Mar/2025:14:28:46 +0200 [186] -> GET /bin/browser.view.html/etc/packages/org.tr.sling.demo HTTP/1.1
03/Mar/2025:14:28:46 +0200 [188] -> GET /bin/browser.view.html/etc/packages/org.tr.sling.demo HTTP/1.1
03/Mar/2025:14:28:46 +0200 [187] -> GET /bin/cpm/nodes/node.tree.json/etc/packages/org.tr.sling.demo?_=1741004900245 HTTP/1.1
03/Mar/2025:14:28:46 +0200 [187] <- 200 application/json;charset=UTF-8 8ms
03/Mar/2025:14:28:46 +0200 [186] <- 200 text/html;charset=utf-8 12ms
03/Mar/2025:14:28:46 +0200 [188] <- 200 text/html;charset=utf-8 13ms
03/Mar/2025:14:28:46 +0200 [189] -> GET /bin/browser.tab.properties.html/etc/packages/org.tr.sling.demo HTTP/1.1
03/Mar/2025:14:28:46 +0200 [190] -> GET /bin/browser.tab.properties.html/etc/packages/org.tr.sling.demo HTTP/1.1
03/Mar/2025:14:28:46 +0200 [189] <- 200 text/html;charset=utf-8 3ms
03/Mar/2025:14:28:46 +0200 [190] <- 200 text/html;charset=utf-8 2ms
03/Mar/2025:14:28:46 +0200 [191] -> GET /bin/cpm/nodes/property.map.json/etc/packages/org.tr.sling.demo?_=1741004900246 HTTP/1.1
03/Mar/2025:14:28:46 +0200 [191] <- 200 application/json;charset=UTF-8 2ms
03/Mar/2025:14:28:51 +0200 [193] -> GET /bin/cpm/nodes/node.tree.json/etc/map/http/localhost_any?_=1741004900248 HTTP/1.1
03/Mar/2025:14:28:51 +0200 [192] -> GET /bin/cpm/nodes/node.tree.json/etc/map/http/localhost_any?_=1741004900247 HTTP/1.1
03/Mar/2025:14:28:51 +0200 [192] <- 200 application/json;charset=UTF-8 10ms
03/Mar/2025:14:28:51 +0200 [193] <- 200 application/json;charset=UTF-8 10ms
03/Mar/2025:14:28:51 +0200 [194] -> GET /bin/browser.view.html/etc/map/http/localhost_any HTTP/1.1
03/Mar/2025:14:28:51 +0200 [195] -> GET /bin/cpm/nodes/node.tree.json/etc/map/http/localhost_any?_=1741004900249 HTTP/1.1
03/Mar/2025:14:28:51 +0200 [196] -> GET /bin/browser.view.html/etc/map/http/localhost_any HTTP/1.1
03/Mar/2025:14:28:51 +0200 [195] <- 200 application/json;charset=UTF-8 5ms
03/Mar/2025:14:28:51 +0200 [196] <- 200 text/html;charset=utf-8 13ms
03/Mar/2025:14:28:51 +0200 [194] <- 200 text/html;charset=utf-8 14ms
03/Mar/2025:14:28:51 +0200 [197] -> GET /bin/browser.tab.properties.html/etc/map/http/localhost_any HTTP/1.1
03/Mar/2025:14:28:51 +0200 [197] <- 200 text/html;charset=utf-8 4ms
03/Mar/2025:14:28:51 +0200 [198] -> GET /bin/browser.tab.properties.html/etc/map/http/localhost_any HTTP/1.1
03/Mar/2025:14:28:51 +0200 [198] <- 200 text/html;charset=utf-8 3ms
03/Mar/2025:14:28:51 +0200 [199] -> GET /bin/cpm/nodes/property.map.json/etc/map/http/localhost_any?_=1741004900250 HTTP/1.1
03/Mar/2025:14:28:51 +0200 [199] <- 200 application/json;charset=UTF-8 3ms
03/Mar/2025:14:28:58 +0200 [200] -> GET /bin/cpm/nodes/node.tree.json/libs?_=1741004900252 HTTP/1.1
03/Mar/2025:14:28:58 +0200 [201] -> GET /bin/cpm/nodes/node.tree.json/libs?_=1741004900251 HTTP/1.1
03/Mar/2025:14:28:58 +0200 [200] <- 200 application/json;charset=UTF-8 8ms
03/Mar/2025:14:28:58 +0200 [201] <- 200 application/json;charset=UTF-8 8ms
03/Mar/2025:14:28:58 +0200 [202] -> GET /bin/browser.view.html/libs HTTP/1.1
03/Mar/2025:14:28:58 +0200 [204] -> GET /bin/browser.view.html/libs HTTP/1.1
03/Mar/2025:14:28:58 +0200 [203] -> GET /bin/cpm/nodes/node.tree.json/libs?_=1741004900253 HTTP/1.1
03/Mar/2025:14:28:58 +0200 [203] <- 200 application/json;charset=UTF-8 9ms
03/Mar/2025:14:28:58 +0200 [202] <- 200 text/html;charset=utf-8 10ms
03/Mar/2025:14:28:58 +0200 [204] <- 200 text/html;charset=utf-8 10ms
03/Mar/2025:14:28:58 +0200 [205] -> GET /bin/browser.tab.properties.html/libs HTTP/1.1
03/Mar/2025:14:28:58 +0200 [206] -> GET /bin/browser.tab.properties.html/libs HTTP/1.1
03/Mar/2025:14:28:58 +0200 [206] <- 200 text/html;charset=utf-8 3ms
03/Mar/2025:14:28:58 +0200 [205] <- 200 text/html;charset=utf-8 3ms
03/Mar/2025:14:28:58 +0200 [207] -> GET /bin/cpm/nodes/property.map.json/libs?_=1741004900254 HTTP/1.1
03/Mar/2025:14:28:58 +0200 [207] <- 200 application/json;charset=UTF-8 2ms
03/Mar/2025:14:32:01 +0200 [208] -> GET /content/adrcrud/home.html HTTP/1.1
03/Mar/2025:14:32:01 +0200 [208] <- 200 text/html 30ms
03/Mar/2025:14:32:01 +0200 [209] -> GET /content/adrcrud/static/styles.css HTTP/1.1
03/Mar/2025:14:32:01 +0200 [209] <- 304 - 6ms
03/Mar/2025:14:32:03 +0200 [210] -> GET /content/adrcrud/home.html HTTP/1.1
03/Mar/2025:14:32:03 +0200 [210] <- 200 text/html 7ms
03/Mar/2025:14:32:03 +0200 [211] -> GET /content/adrcrud/home/welcome.html HTTP/1.1
03/Mar/2025:14:32:04 +0200 [211] <- 200 text/html 45ms
03/Mar/2025:14:32:05 +0200 [212] -> GET /content/adrcrud/home.html HTTP/1.1
03/Mar/2025:14:32:05 +0200 [212] <- 200 text/html 7ms
03/Mar/2025:14:32:06 +0200 [213] -> GET /content/adrcrud/home/contact.html HTTP/1.1
03/Mar/2025:14:32:06 +0200 [213] <- 200 text/html 5ms
03/Mar/2025:14:32:07 +0200 [214] -> GET /content/adrcrud/home.html HTTP/1.1
03/Mar/2025:14:32:07 +0200 [214] <- 200 text/html 6ms
03/Mar/2025:14:32:07 +0200 [215] -> GET /content/adrcrud/home/contact.html HTTP/1.1
03/Mar/2025:14:32:07 +0200 [215] <- 200 text/html 5ms
03/Mar/2025:14:32:08 +0200 [216] -> GET /content/adrcrud/home.html HTTP/1.1
03/Mar/2025:14:32:08 +0200 [216] <- 200 text/html 7ms
03/Mar/2025:14:32:08 +0200 [217] -> GET /content/adrcrud/home/welcome.html HTTP/1.1
03/Mar/2025:14:32:08 +0200 [217] <- 200 text/html 5ms
03/Mar/2025:14:32:09 +0200 [218] -> GET /content/adrcrud/home.html HTTP/1.1
03/Mar/2025:14:32:09 +0200 [218] <- 200 text/html 7ms
03/Mar/2025:14:32:10 +0200 [219] -> GET /content/adrcrud/home.html HTTP/1.1
03/Mar/2025:14:32:10 +0200 [219] <- 200 text/html 11ms
03/Mar/2025:14:32:15 +0200 [220] -> GET / HTTP/1.1
03/Mar/2025:14:32:15 +0200 [220] <- 302 - 5ms
03/Mar/2025:14:32:15 +0200 [221] -> GET /adrcrud/home.html HTTP/1.1
03/Mar/2025:14:32:15 +0200 [221] <- 200 text/html 7ms
03/Mar/2025:14:32:19 +0200 [222] -> GET /content/adrcrud/home.html HTTP/1.1
03/Mar/2025:14:32:19 +0200 [222] <- 200 text/html 64ms
03/Mar/2025:14:32:21 +0200 [223] -> GET /content/adrcrud/home.html HTTP/1.1
03/Mar/2025:14:32:21 +0200 [223] <- 200 text/html 11ms
03/Mar/2025:14:32:25 +0200 [224] -> GET /content/adrcrud/home/welcome.html HTTP/1.1
03/Mar/2025:14:32:25 +0200 [224] <- 200 text/html 13ms
03/Mar/2025:14:32:26 +0200 [225] -> GET /content/adrcrud/home.html HTTP/1.1
03/Mar/2025:14:32:26 +0200 [225] <- 200 text/html 9ms
03/Mar/2025:14:32:45 +0200 [226] -> GET /bin/cpm/nodes/node.tree.json/content/adrcrud?_=1741004900255 HTTP/1.1
03/Mar/2025:14:32:45 +0200 [226] <- 200 application/json;charset=UTF-8 8ms
03/Mar/2025:14:32:45 +0200 [227] -> GET /bin/cpm/nodes/node.tree.json/content/adrcrud?_=1741004900256 HTTP/1.1
03/Mar/2025:14:32:45 +0200 [227] <- 200 application/json;charset=UTF-8 7ms
03/Mar/2025:14:32:45 +0200 [228] -> GET /bin/browser.view.html/content/adrcrud HTTP/1.1
03/Mar/2025:14:32:45 +0200 [229] -> GET /bin/browser.view.html/content/adrcrud HTTP/1.1
03/Mar/2025:14:32:45 +0200 [228] <- 200 text/html;charset=utf-8 13ms
03/Mar/2025:14:32:45 +0200 [229] <- 200 text/html;charset=utf-8 8ms
03/Mar/2025:14:32:45 +0200 [230] -> GET /bin/browser.tab.properties.html/content/adrcrud HTTP/1.1
03/Mar/2025:14:32:45 +0200 [231] -> GET /bin/browser.tab.properties.html/content/adrcrud HTTP/1.1
03/Mar/2025:14:32:45 +0200 [230] <- 200 text/html;charset=utf-8 4ms
03/Mar/2025:14:32:45 +0200 [231] <- 200 text/html;charset=utf-8 3ms
03/Mar/2025:14:32:45 +0200 [232] -> GET /bin/cpm/nodes/property.map.json/content/adrcrud?_=1741004900257 HTTP/1.1
03/Mar/2025:14:32:45 +0200 [232] <- 200 application/json;charset=UTF-8 3ms
03/Mar/2025:14:32:45 +0200 [233] -> GET /bin/cpm/nodes/property.map.json/content/adrcrud?_=1741004900258 HTTP/1.1
03/Mar/2025:14:32:45 +0200 [233] <- 200 application/json;charset=UTF-8 1ms
03/Mar/2025:14:32:51 +0200 [234] -> GET /bin/cpm/nodes/node.tree.json/content/adrcrud/home?_=1741004900259 HTTP/1.1
03/Mar/2025:14:32:51 +0200 [234] <- 200 application/json;charset=UTF-8 8ms
03/Mar/2025:14:32:51 +0200 [235] -> GET /bin/cpm/nodes/node.tree.json/content/adrcrud/home?_=1741004900260 HTTP/1.1
03/Mar/2025:14:32:51 +0200 [236] -> GET /bin/browser.view.html/content/adrcrud/home HTTP/1.1
03/Mar/2025:14:32:51 +0200 [235] <- 200 application/json;charset=UTF-8 6ms
03/Mar/2025:14:32:51 +0200 [237] -> GET /bin/browser.view.html/content/adrcrud/home HTTP/1.1
03/Mar/2025:14:32:51 +0200 [236] <- 200 text/html;charset=utf-8 12ms
03/Mar/2025:14:32:51 +0200 [237] <- 200 text/html;charset=utf-8 7ms
03/Mar/2025:14:32:51 +0200 [238] -> GET /bin/browser.tab.properties.html/content/adrcrud/home HTTP/1.1
03/Mar/2025:14:32:51 +0200 [239] -> GET /bin/browser.tab.properties.html/content/adrcrud/home HTTP/1.1
03/Mar/2025:14:32:51 +0200 [238] <- 200 text/html;charset=utf-8 3ms
03/Mar/2025:14:32:51 +0200 [239] <- 200 text/html;charset=utf-8 2ms
03/Mar/2025:14:32:51 +0200 [240] -> GET /bin/cpm/nodes/property.map.json/content/adrcrud/home?_=1741004900261 HTTP/1.1
03/Mar/2025:14:32:51 +0200 [240] <- 200 application/json;charset=UTF-8 2ms
03/Mar/2025:14:33:01 +0200 [241] -> GET /bin/cpm/nodes/node.tree.json/content/adrcrud/static?_=1741004900262 HTTP/1.1
03/Mar/2025:14:33:01 +0200 [241] <- 200 application/json;charset=UTF-8 10ms
03/Mar/2025:14:33:01 +0200 [242] -> GET /bin/cpm/nodes/node.tree.json/content/adrcrud/static?_=1741004900263 HTTP/1.1
03/Mar/2025:14:33:01 +0200 [243] -> GET /bin/browser.view.html/content/adrcrud/static HTTP/1.1
03/Mar/2025:14:33:01 +0200 [244] -> GET /bin/browser.view.html/content/adrcrud/static HTTP/1.1
03/Mar/2025:14:33:01 +0200 [242] <- 200 application/json;charset=UTF-8 5ms
03/Mar/2025:14:33:01 +0200 [244] <- 200 text/html;charset=utf-8 11ms
03/Mar/2025:14:33:01 +0200 [243] <- 200 text/html;charset=utf-8 11ms
03/Mar/2025:14:33:01 +0200 [245] -> GET /bin/browser.tab.properties.html/content/adrcrud/static HTTP/1.1
03/Mar/2025:14:33:01 +0200 [246] -> GET /bin/browser.tab.properties.html/content/adrcrud/static HTTP/1.1
03/Mar/2025:14:33:01 +0200 [245] <- 200 text/html;charset=utf-8 2ms
03/Mar/2025:14:33:01 +0200 [246] <- 200 text/html;charset=utf-8 3ms
03/Mar/2025:14:33:01 +0200 [247] -> GET /bin/cpm/nodes/property.map.json/content/adrcrud/static?_=1741004900264 HTTP/1.1
03/Mar/2025:14:33:01 +0200 [247] <- 200 application/json;charset=UTF-8 3ms
03/Mar/2025:14:33:03 +0200 [248] -> GET /bin/cpm/nodes/node.tree.json/content/adrcrud/static/styles.css?_=1741004900266 HTTP/1.1
03/Mar/2025:14:33:03 +0200 [249] -> GET /bin/cpm/nodes/node.tree.json/content/adrcrud/static/styles.css?_=1741004900265 HTTP/1.1
03/Mar/2025:14:33:03 +0200 [249] <- 200 application/json;charset=UTF-8 7ms
03/Mar/2025:14:33:03 +0200 [248] <- 200 application/json;charset=UTF-8 7ms
03/Mar/2025:14:33:03 +0200 [251] -> GET /bin/browser.view.html/content/adrcrud/static/styles.css HTTP/1.1
03/Mar/2025:14:33:03 +0200 [250] -> GET /bin/browser.view.html/content/adrcrud/static/styles.css HTTP/1.1
03/Mar/2025:14:33:03 +0200 [252] -> GET /bin/cpm/nodes/node.tree.json/content/adrcrud/static/styles.css?_=1741004900267 HTTP/1.1
03/Mar/2025:14:33:03 +0200 [252] <- 200 application/json;charset=UTF-8 7ms
03/Mar/2025:14:33:03 +0200 [250] <- 200 text/html;charset=utf-8 70ms
03/Mar/2025:14:33:03 +0200 [251] <- 200 text/html;charset=utf-8 70ms
03/Mar/2025:14:33:03 +0200 [253] -> GET /bin/browser.tab.properties.html/content/adrcrud/static/styles.css HTTP/1.1
03/Mar/2025:14:33:03 +0200 [254] -> GET /bin/browser.tab.properties.html/content/adrcrud/static/styles.css HTTP/1.1
03/Mar/2025:14:33:03 +0200 [253] <- 200 text/html;charset=utf-8 3ms
03/Mar/2025:14:33:03 +0200 [254] <- 200 text/html;charset=utf-8 4ms
03/Mar/2025:14:33:03 +0200 [256] -> GET /bin/cpm/nodes/property.map.json/content/adrcrud/static/styles.css?_=1741004900269 HTTP/1.1
03/Mar/2025:14:33:03 +0200 [255] -> GET /bin/cpm/nodes/property.map.json/content/adrcrud/static/styles.css?_=1741004900268 HTTP/1.1
03/Mar/2025:14:33:03 +0200 [256] <- 200 application/json;charset=UTF-8 2ms
03/Mar/2025:14:33:03 +0200 [255] <- 200 application/json;charset=UTF-8 2ms
03/Mar/2025:14:33:06 +0200 [258] -> GET /bin/cpm/nodes/node.tree.json/content/adrcrud/static/styles.css/_jcr_content?_=1741004900270 HTTP/1.1
03/Mar/2025:14:33:03 +0200 [257] -> GET /bin/cpm/nodes/node.tree.json/content/adrcrud/static/styles.css/_jcr_content?_=1741004900271 HTTP/1.1
03/Mar/2025:14:33:06 +0200 [258] <- 200 application/json;charset=UTF-8 9ms
03/Mar/2025:14:33:06 +0200 [257] <- 200 application/json;charset=UTF-8 10ms
03/Mar/2025:14:33:06 +0200 [259] -> GET /bin/browser.view.html/content/adrcrud/static/styles.css/_jcr_content HTTP/1.1
03/Mar/2025:14:33:06 +0200 [260] -> GET /bin/cpm/nodes/node.tree.json/content/adrcrud/static/styles.css/_jcr_content?_=1741004900272 HTTP/1.1
03/Mar/2025:14:33:06 +0200 [261] -> GET /bin/browser.view.html/content/adrcrud/static/styles.css/_jcr_content HTTP/1.1
03/Mar/2025:14:33:06 +0200 [260] <- 200 application/json;charset=UTF-8 9ms
03/Mar/2025:14:33:06 +0200 [259] <- 200 text/html;charset=utf-8 14ms
03/Mar/2025:14:33:06 +0200 [261] <- 200 text/html;charset=utf-8 15ms
03/Mar/2025:14:33:06 +0200 [262] -> GET /bin/browser.tab.properties.html/content/adrcrud/static/styles.css/_jcr_content HTTP/1.1
03/Mar/2025:14:33:06 +0200 [263] -> GET /bin/browser.tab.properties.html/content/adrcrud/static/styles.css/_jcr_content HTTP/1.1
03/Mar/2025:14:33:06 +0200 [262] <- 200 text/html;charset=utf-8 3ms
03/Mar/2025:14:33:06 +0200 [263] <- 200 text/html;charset=utf-8 4ms
03/Mar/2025:14:33:06 +0200 [264] -> GET /bin/cpm/nodes/property.map.json/content/adrcrud/static/styles.css/_jcr_content?_=1741004900273 HTTP/1.1
03/Mar/2025:14:33:06 +0200 [264] <- 200 application/json;charset=UTF-8 2ms
03/Mar/2025:14:33:08 +0200 [265] -> GET /bin/browser.tab.editor.html/content/adrcrud/static/styles.css/_jcr_content HTTP/1.1
03/Mar/2025:14:33:08 +0200 [265] <- 200 text/html;charset=utf-8 71ms
03/Mar/2025:14:33:08 +0200 [266] -> GET /bin/cpm/nodes/property.bin/content/adrcrud/static/styles.css/_jcr_content?_=1741004900274 HTTP/1.1
03/Mar/2025:14:33:08 +0200 [267] -> GET /libs/jslibs/ace/1.4.4/mode-css.js HTTP/1.1
03/Mar/2025:14:33:08 +0200 [266] <- 200 text/css 3ms
03/Mar/2025:14:33:08 +0200 [267] <- 200 text/javascript 3ms
03/Mar/2025:14:33:08 +0200 [268] -> GET /libs/jslibs/ace/1.4.4/worker-css.js HTTP/1.1
03/Mar/2025:14:33:08 +0200 [268] <- 200 text/javascript 18ms
03/Mar/2025:14:33:20 +0200 [269] -> GET /bin/cpm/proxy.fwd/system/health.json?httpStatus=CRITICAL:200,TEMPORARILY_UNAVAILABLE:200&_=1741004900275 HTTP/1.1
03/Mar/2025:14:33:20 +0200 [269] <- 200 application/json;charset=utf-8 237ms
